00:24:19.257 WARN  [http-nio-8080-exec-7]o.s.w.s.m.m.a.ExceptionHandlerExceptionResolver - Resolved [org.springframework.web.bind.MethodArgumentNotValidException: Validation failed for argument [0] in public com.example.Family_life_backend.response.BasicRes com.example.Family_life_backend.controller.ItemsController.updateItem(com.example.Family_life_backend.request.ItemUpdateReq) with 4 errors: [Field error in object 'itemUpdateReq' on field 'unit': rejected value [null]; codes [NotBlank.itemUpdateReq.unit,NotBlank.unit,NotBlank.java.lang.String,NotBlank]; arguments [org.springframework.context.support.DefaultMessageSourceResolvable: codes [itemUpdateReq.unit,unit]; arguments []; default message [unit]]; default message [單位不能為空]] [Field error in object 'itemUpdateReq' on field 'locationId': rejected value [null]; codes [NotNull.itemUpdateReq.locationId,NotNull.locationId,NotNull.java.lang.Long,NotNull]; arguments [org.springframework.context.support.DefaultMessageSourceResolvable: codes [itemUpdateReq.locationId,locationId]; arguments []; default message [locationId]]; default message [地點 ID 為必填]] [Field error in object 'itemUpdateReq' on field 'quantity': rejected value [null]; codes [NotNull.itemUpdateReq.quantity,NotNull.quantity,NotNull.java.lang.Integer,NotNull]; arguments [org.springframework.context.support.DefaultMessageSourceResolvable: codes [itemUpdateReq.quantity,quantity]; arguments []; default message [quantity]]; default message [數量為必填]] [Field error in object 'itemUpdateReq' on field 'categoryId': rejected value [null]; codes [NotNull.itemUpdateReq.categoryId,NotNull.categoryId,NotNull.java.lang.Integer,NotNull]; arguments [org.springframework.context.support.DefaultMessageSourceResolvable: codes [itemUpdateReq.categoryId,categoryId]; arguments []; default message [categoryId]]; default message [分類 ID 為必填]] ]
00:25:17.417 WARN  [http-nio-8080-exec-9]o.s.w.s.m.m.a.ExceptionHandlerExceptionResolver - Resolved [org.springframework.web.bind.MethodArgumentNotValidException: Validation failed for argument [0] in public com.example.Family_life_backend.response.BasicRes com.example.Family_life_backend.controller.ItemsController.updateItem(com.example.Family_life_backend.request.ItemUpdateReq) with 4 errors: [Field error in object 'itemUpdateReq' on field 'categoryId': rejected value [null]; codes [NotNull.itemUpdateReq.categoryId,NotNull.categoryId,NotNull.java.lang.Integer,NotNull]; arguments [org.springframework.context.support.DefaultMessageSourceResolvable: codes [itemUpdateReq.categoryId,categoryId]; arguments []; default message [categoryId]]; default message [分類 ID 為必填]] [Field error in object 'itemUpdateReq' on field 'unit': rejected value [null]; codes [NotBlank.itemUpdateReq.unit,NotBlank.unit,NotBlank.java.lang.String,NotBlank]; arguments [org.springframework.context.support.DefaultMessageSourceResolvable: codes [itemUpdateReq.unit,unit]; arguments []; default message [unit]]; default message [單位不能為空]] [Field error in object 'itemUpdateReq' on field 'locationId': rejected value [null]; codes [NotNull.itemUpdateReq.locationId,NotNull.locationId,NotNull.java.lang.Long,NotNull]; arguments [org.springframework.context.support.DefaultMessageSourceResolvable: codes [itemUpdateReq.locationId,locationId]; arguments []; default message [locationId]]; default message [地點 ID 為必填]] [Field error in object 'itemUpdateReq' on field 'quantity': rejected value [null]; codes [NotNull.itemUpdateReq.quantity,NotNull.quantity,NotNull.java.lang.Integer,NotNull]; arguments [org.springframework.context.support.DefaultMessageSourceResolvable: codes [itemUpdateReq.quantity,quantity]; arguments []; default message [quantity]]; default message [數量為必填]] ]
00:25:29.805 WARN  [http-nio-8080-exec-10]o.s.w.s.m.m.a.ExceptionHandlerExceptionResolver - Resolved [org.springframework.web.bind.MethodArgumentNotValidException: Validation failed for argument [0] in public com.example.Family_life_backend.response.BasicRes com.example.Family_life_backend.controller.ItemsController.updateItem(com.example.Family_life_backend.request.ItemUpdateReq) with 4 errors: [Field error in object 'itemUpdateReq' on field 'unit': rejected value [null]; codes [NotBlank.itemUpdateReq.unit,NotBlank.unit,NotBlank.java.lang.String,NotBlank]; arguments [org.springframework.context.support.DefaultMessageSourceResolvable: codes [itemUpdateReq.unit,unit]; arguments []; default message [unit]]; default message [單位不能為空]] [Field error in object 'itemUpdateReq' on field 'locationId': rejected value [null]; codes [NotNull.itemUpdateReq.locationId,NotNull.locationId,NotNull.java.lang.Long,NotNull]; arguments [org.springframework.context.support.DefaultMessageSourceResolvable: codes [itemUpdateReq.locationId,locationId]; arguments []; default message [locationId]]; default message [地點 ID 為必填]] [Field error in object 'itemUpdateReq' on field 'quantity': rejected value [null]; codes [NotNull.itemUpdateReq.quantity,NotNull.quantity,NotNull.java.lang.Integer,NotNull]; arguments [org.springframework.context.support.DefaultMessageSourceResolvable: codes [itemUpdateReq.quantity,quantity]; arguments []; default message [quantity]]; default message [數量為必填]] [Field error in object 'itemUpdateReq' on field 'categoryId': rejected value [null]; codes [NotNull.itemUpdateReq.categoryId,NotNull.categoryId,NotNull.java.lang.Integer,NotNull]; arguments [org.springframework.context.support.DefaultMessageSourceResolvable: codes [itemUpdateReq.categoryId,categoryId]; arguments []; default message [categoryId]]; default message [分類 ID 為必填]] ]
00:26:15.296 WARN  [http-nio-8080-exec-1]o.s.w.s.m.m.a.ExceptionHandlerExceptionResolver - Resolved [org.springframework.web.bind.MethodArgumentNotValidException: Validation failed for argument [0] in public com.example.Family_life_backend.response.BasicRes com.example.Family_life_backend.controller.ItemsController.updateItem(com.example.Family_life_backend.request.ItemUpdateReq) with 4 errors: [Field error in object 'itemUpdateReq' on field 'categoryId': rejected value [null]; codes [NotNull.itemUpdateReq.categoryId,NotNull.categoryId,NotNull.java.lang.Integer,NotNull]; arguments [org.springframework.context.support.DefaultMessageSourceResolvable: codes [itemUpdateReq.categoryId,categoryId]; arguments []; default message [categoryId]]; default message [分類 ID 為必填]] [Field error in object 'itemUpdateReq' on field 'unit': rejected value [null]; codes [NotBlank.itemUpdateReq.unit,NotBlank.unit,NotBlank.java.lang.String,NotBlank]; arguments [org.springframework.context.support.DefaultMessageSourceResolvable: codes [itemUpdateReq.unit,unit]; arguments []; default message [unit]]; default message [單位不能為空]] [Field error in object 'itemUpdateReq' on field 'locationId': rejected value [null]; codes [NotNull.itemUpdateReq.locationId,NotNull.locationId,NotNull.java.lang.Long,NotNull]; arguments [org.springframework.context.support.DefaultMessageSourceResolvable: codes [itemUpdateReq.locationId,locationId]; arguments []; default message [locationId]]; default message [地點 ID 為必填]] [Field error in object 'itemUpdateReq' on field 'quantity': rejected value [null]; codes [NotNull.itemUpdateReq.quantity,NotNull.quantity,NotNull.java.lang.Integer,NotNull]; arguments [org.springframework.context.support.DefaultMessageSourceResolvable: codes [itemUpdateReq.quantity,quantity]; arguments []; default message [quantity]]; default message [數量為必填]] ]
00:26:31.509 WARN  [http-nio-8080-exec-5]o.s.w.s.m.m.a.ExceptionHandlerExceptionResolver - Resolved [org.springframework.web.bind.MethodArgumentNotValidException: Validation failed for argument [0] in public com.example.Family_life_backend.response.BasicRes com.example.Family_life_backend.controller.ItemsController.updateItem(com.example.Family_life_backend.request.ItemUpdateReq) with 4 errors: [Field error in object 'itemUpdateReq' on field 'unit': rejected value [null]; codes [NotBlank.itemUpdateReq.unit,NotBlank.unit,NotBlank.java.lang.String,NotBlank]; arguments [org.springframework.context.support.DefaultMessageSourceResolvable: codes [itemUpdateReq.unit,unit]; arguments []; default message [unit]]; default message [單位不能為空]] [Field error in object 'itemUpdateReq' on field 'locationId': rejected value [null]; codes [NotNull.itemUpdateReq.locationId,NotNull.locationId,NotNull.java.lang.Long,NotNull]; arguments [org.springframework.context.support.DefaultMessageSourceResolvable: codes [itemUpdateReq.locationId,locationId]; arguments []; default message [locationId]]; default message [地點 ID 為必填]] [Field error in object 'itemUpdateReq' on field 'quantity': rejected value [null]; codes [NotNull.itemUpdateReq.quantity,NotNull.quantity,NotNull.java.lang.Integer,NotNull]; arguments [org.springframework.context.support.DefaultMessageSourceResolvable: codes [itemUpdateReq.quantity,quantity]; arguments []; default message [quantity]]; default message [數量為必填]] [Field error in object 'itemUpdateReq' on field 'categoryId': rejected value [null]; codes [NotNull.itemUpdateReq.categoryId,NotNull.categoryId,NotNull.java.lang.Integer,NotNull]; arguments [org.springframework.context.support.DefaultMessageSourceResolvable: codes [itemUpdateReq.categoryId,categoryId]; arguments []; default message [categoryId]]; default message [分類 ID 為必填]] ]
00:57:38.098 WARN  [http-nio-8080-exec-10]org.hibernate.engine.jdbc.spi.SqlExceptionHelper - SQL Error: 1452, SQLState: 23000
00:57:38.099 ERROR [http-nio-8080-exec-10]org.hibernate.engine.jdbc.spi.SqlExceptionHelper - Cannot add or update a child row: a foreign key constraint fails (`family-db`.`items`, CONSTRAINT `fk_items_group_id` FOREIGN KEY (`group_id`) REFERENCES `groups` (`group_id`) ON DELETE CASCADE ON UPDATE CASCADE)
00:57:38.141 WARN  [http-nio-8080-exec-10]o.s.w.s.m.m.a.ExceptionHandlerExceptionResolver - Resolved [org.springframework.dao.DataIntegrityViolationException: JDBC exception executing SQL [UPDATE items SET group_id = ?, category_id = ?, name = ?, quantity = ?, unit = ?, location_id = ?, price = ?, purchase_date = ?, expire_date = ?, notify = ?, note = ?, unit_price = ? WHERE id = ?] [Cannot add or update a child row: a foreign key constraint fails (`family-db`.`items`, CONSTRAINT `fk_items_group_id` FOREIGN KEY (`group_id`) REFERENCES `groups` (`group_id`) ON DELETE CASCADE ON UPDATE CASCADE)] [n/a]; SQL [n/a]; constraint [null]]
01:42:21.627 WARN  [http-nio-8080-exec-7]o.s.w.s.m.m.a.ExceptionHandlerExceptionResolver - Resolved [org.springframework.web.bind.MethodArgumentNotValidException: Validation failed for argument [0] in public com.example.Family_life_backend.response.BasicRes com.example.Family_life_backend.controller.ItemsController.updateItem(com.example.Family_life_backend.request.ItemUpdateReq): [Field error in object 'itemUpdateReq' on field 'expireDate': rejected value [2026-05-19]; codes [FutureOrPresent.itemUpdateReq.expireDate,FutureOrPresent.expireDate,FutureOrPresent.java.time.LocalDate,FutureOrPresent]; arguments [org.springframework.context.support.DefaultMessageSourceResolvable: codes [itemUpdateReq.expireDate,expireDate]; arguments []; default message [expireDate]]; default message [到期日期不能早於今天]] ]
09:47:00.358 INFO  [background-preinit]org.hibernate.validator.internal.util.Version - HV000001: Hibernate Validator 8.0.3.Final
09:47:00.423 INFO  [restartedMain]c.e.F.FamilyLifeBackendApplication - Starting FamilyLifeBackendApplication using Java 17.0.18 with PID 15232 (C:\Users\ASUS\eclipse-workspace\java_project\Family_life_backend\bin\main started by ASUS in C:\Users\ASUS\eclipse-workspace\java_project\Family_life_backend)
09:47:00.424 INFO  [restartedMain]c.e.F.FamilyLifeBackendApplication - No active profile set, falling back to 1 default profile: "default"
09:47:00.470 INFO  [restartedMain]o.s.b.d.env.DevToolsPropertyDefaultsPostProcessor - Devtools property defaults active! Set 'spring.devtools.add-properties' to 'false' to disable
09:47:00.470 INFO  [restartedMain]o.s.b.d.env.DevToolsPropertyDefaultsPostProcessor - For additional web related logging consider setting the 'logging.level.web' property to 'DEBUG'
09:47:01.284 INFO  [restartedMain]o.s.d.r.config.RepositoryConfigurationDelegate - Bootstrapping Spring Data JPA repositories in DEFAULT mode.
09:47:01.374 INFO  [restartedMain]o.s.d.r.config.RepositoryConfigurationDelegate - Finished Spring Data repository scanning in 73 ms. Found 6 JPA repository interfaces.
09:47:02.062 INFO  [restartedMain]o.s.boot.web.embedded.tomcat.TomcatWebServer - Tomcat initialized with port 8080 (http)
09:47:02.088 INFO  [restartedMain]org.apache.coyote.http11.Http11NioProtocol - Initializing ProtocolHandler ["http-nio-8080"]
09:47:02.091 INFO  [restartedMain]org.apache.catalina.core.StandardService - Starting service [Tomcat]
09:47:02.092 INFO  [restartedMain]org.apache.catalina.core.StandardEngine - Starting Servlet engine: [Apache Tomcat/10.1.54]
09:47:02.159 INFO  [restartedMain]o.a.c.core.ContainerBase.[Tomcat].[localhost].[/] - Initializing Spring embedded WebApplicationContext
09:47:02.160 INFO  [restartedMain]o.s.b.w.s.c.ServletWebServerApplicationContext - Root WebApplicationContext: initialization completed in 1690 ms
09:47:02.356 INFO  [restartedMain]com.zaxxer.hikari.HikariDataSource - HikariPool-1 - Starting...
09:47:02.535 INFO  [restartedMain]com.zaxxer.hikari.pool.HikariPool - HikariPool-1 - Added connection com.mysql.cj.jdbc.ConnectionImpl@1b923104
09:47:02.537 INFO  [restartedMain]com.zaxxer.hikari.HikariDataSource - HikariPool-1 - Start completed.
09:47:02.581 INFO  [restartedMain]org.hibernate.jpa.internal.util.LogHelper - HHH000204: Processing PersistenceUnitInfo [name: default]
09:47:02.660 INFO  [restartedMain]org.hibernate.Version - HHH000412: Hibernate ORM core version 6.6.50.Final
09:47:02.706 INFO  [restartedMain]o.hibernate.cache.internal.RegionFactoryInitiator - HHH000026: Second-level cache disabled
09:47:02.993 INFO  [restartedMain]o.s.o.j.persistenceunit.SpringPersistenceUnitInfo - No LoadTimeWeaver setup: ignoring JPA class transformer
09:47:03.104 INFO  [restartedMain]org.hibernate.orm.connections.pooling - HHH10001005: Database info:
	Database JDBC URL [Connecting through datasource 'HikariDataSource (HikariPool-1)']
	Database driver: undefined/unknown
	Database version: 8.0.45
	Autocommit mode: undefined/unknown
	Isolation level: undefined/unknown
	Minimum pool size: undefined/unknown
	Maximum pool size: undefined/unknown
09:47:03.847 INFO  [restartedMain]o.h.e.t.jta.platform.internal.JtaPlatformInitiator - HHH000489: No JTA platform available (set 'hibernate.transaction.jta.platform' to enable JTA platform integration)
09:47:03.850 INFO  [restartedMain]o.s.orm.jpa.LocalContainerEntityManagerFactoryBean - Initialized JPA EntityManagerFactory for persistence unit 'default'
09:47:04.229 INFO  [restartedMain]o.s.data.jpa.repository.query.QueryEnhancerFactory - Hibernate is in classpath; If applicable, HQL parser will be used.
09:47:04.517 WARN  [restartedMain]o.s.b.a.o.j.JpaBaseConfiguration$JpaWebConfiguration - spring.jpa.open-in-view is enabled by default. Therefore, database queries may be performed during view rendering. Explicitly configure spring.jpa.open-in-view to disable this warning
09:47:04.996 INFO  [restartedMain]o.s.b.d.autoconfigure.OptionalLiveReloadServer - LiveReload server is running on port 35729
09:47:05.015 INFO  [restartedMain]org.apache.coyote.http11.Http11NioProtocol - Starting ProtocolHandler ["http-nio-8080"]
09:47:05.070 INFO  [restartedMain]o.s.boot.web.embedded.tomcat.TomcatWebServer - Tomcat started on port 8080 (http) with context path '/'
09:47:05.080 INFO  [restartedMain]c.e.F.FamilyLifeBackendApplication - Started FamilyLifeBackendApplication in 5.168 seconds (process running for 6.203)
09:47:36.269 INFO  [http-nio-8080-exec-1]o.a.c.core.ContainerBase.[Tomcat].[localhost].[/] - Initializing Spring DispatcherServlet 'dispatcherServlet'
09:47:36.270 INFO  [http-nio-8080-exec-1]org.springframework.web.servlet.DispatcherServlet - Initializing Servlet 'dispatcherServlet'
09:47:36.273 INFO  [http-nio-8080-exec-1]org.springframework.web.servlet.DispatcherServlet - Completed initialization in 3 ms
13:57:59.166 INFO  [background-preinit]org.hibernate.validator.internal.util.Version - HV000001: Hibernate Validator 8.0.3.Final
13:57:59.206 INFO  [restartedMain]c.e.F.FamilyLifeBackendApplication - Starting FamilyLifeBackendApplication using Java 17.0.18 with PID 15152 (C:\Users\ASUS\eclipse-workspace\java_project\Family_life_backend\bin\main started by ASUS in C:\Users\ASUS\eclipse-workspace\java_project\Family_life_backend)
13:57:59.207 INFO  [restartedMain]c.e.F.FamilyLifeBackendApplication - No active profile set, falling back to 1 default profile: "default"
13:57:59.247 INFO  [restartedMain]o.s.b.d.env.DevToolsPropertyDefaultsPostProcessor - Devtools property defaults active! Set 'spring.devtools.add-properties' to 'false' to disable
13:57:59.247 INFO  [restartedMain]o.s.b.d.env.DevToolsPropertyDefaultsPostProcessor - For additional web related logging consider setting the 'logging.level.web' property to 'DEBUG'
13:57:59.940 INFO  [restartedMain]o.s.d.r.config.RepositoryConfigurationDelegate - Bootstrapping Spring Data JPA repositories in DEFAULT mode.
13:58:00.041 INFO  [restartedMain]o.s.d.r.config.RepositoryConfigurationDelegate - Finished Spring Data repository scanning in 90 ms. Found 13 JPA repository interfaces.
13:58:00.821 INFO  [restartedMain]o.s.boot.web.embedded.tomcat.TomcatWebServer - Tomcat initialized with port 8080 (http)
13:58:00.837 INFO  [restartedMain]org.apache.coyote.http11.Http11NioProtocol - Initializing ProtocolHandler ["http-nio-8080"]
13:58:00.839 INFO  [restartedMain]org.apache.catalina.core.StandardService - Starting service [Tomcat]
13:58:00.839 INFO  [restartedMain]org.apache.catalina.core.StandardEngine - Starting Servlet engine: [Apache Tomcat/10.1.54]
13:58:00.898 INFO  [restartedMain]o.a.c.core.ContainerBase.[Tomcat].[localhost].[/] - Initializing Spring embedded WebApplicationContext
13:58:00.900 INFO  [restartedMain]o.s.b.w.s.c.ServletWebServerApplicationContext - Root WebApplicationContext: initialization completed in 1653 ms
13:58:01.100 INFO  [restartedMain]com.zaxxer.hikari.HikariDataSource - HikariPool-1 - Starting...
13:58:01.317 INFO  [restartedMain]com.zaxxer.hikari.pool.HikariPool - HikariPool-1 - Added connection com.mysql.cj.jdbc.ConnectionImpl@51571ae4
13:58:01.319 INFO  [restartedMain]com.zaxxer.hikari.HikariDataSource - HikariPool-1 - Start completed.
13:58:01.378 INFO  [restartedMain]org.hibernate.jpa.internal.util.LogHelper - HHH000204: Processing PersistenceUnitInfo [name: default]
13:58:01.452 INFO  [restartedMain]org.hibernate.Version - HHH000412: Hibernate ORM core version 6.6.50.Final
13:58:01.503 INFO  [restartedMain]o.hibernate.cache.internal.RegionFactoryInitiator - HHH000026: Second-level cache disabled
13:58:01.779 INFO  [restartedMain]o.s.o.j.persistenceunit.SpringPersistenceUnitInfo - No LoadTimeWeaver setup: ignoring JPA class transformer
13:58:01.854 WARN  [restartedMain]org.hibernate.orm.deprecation - HHH90000025: MySQLDialect does not need to be specified explicitly using 'hibernate.dialect' (remove the property setting and it will be selected by default)
13:58:01.868 INFO  [restartedMain]org.hibernate.orm.connections.pooling - HHH10001005: Database info:
	Database JDBC URL [Connecting through datasource 'HikariDataSource (HikariPool-1)']
	Database driver: undefined/unknown
	Database version: 8.0.45
	Autocommit mode: undefined/unknown
	Isolation level: undefined/unknown
	Minimum pool size: undefined/unknown
	Maximum pool size: undefined/unknown
13:58:02.730 INFO  [restartedMain]o.h.e.t.jta.platform.internal.JtaPlatformInitiator - HHH000489: No JTA platform available (set 'hibernate.transaction.jta.platform' to enable JTA platform integration)
13:58:02.732 INFO  [restartedMain]o.s.orm.jpa.LocalContainerEntityManagerFactoryBean - Initialized JPA EntityManagerFactory for persistence unit 'default'
13:58:03.049 INFO  [restartedMain]o.s.data.jpa.repository.query.QueryEnhancerFactory - Hibernate is in classpath; If applicable, HQL parser will be used.
13:58:03.532 WARN  [restartedMain]o.s.b.a.o.j.JpaBaseConfiguration$JpaWebConfiguration - spring.jpa.open-in-view is enabled by default. Therefore, database queries may be performed during view rendering. Explicitly configure spring.jpa.open-in-view to disable this warning
13:58:04.063 INFO  [restartedMain]o.s.b.d.autoconfigure.OptionalLiveReloadServer - LiveReload server is running on port 35729
13:58:04.074 INFO  [restartedMain]org.apache.coyote.http11.Http11NioProtocol - Starting ProtocolHandler ["http-nio-8080"]
13:58:04.107 INFO  [restartedMain]o.s.boot.web.embedded.tomcat.TomcatWebServer - Tomcat started on port 8080 (http) with context path '/'
13:58:04.116 INFO  [restartedMain]c.e.F.FamilyLifeBackendApplication - Started FamilyLifeBackendApplication in 5.36 seconds (process running for 13.037)
14:00:21.489 INFO  [http-nio-8080-exec-1]o.a.c.core.ContainerBase.[Tomcat].[localhost].[/] - Initializing Spring DispatcherServlet 'dispatcherServlet'
14:00:21.490 INFO  [http-nio-8080-exec-1]org.springframework.web.servlet.DispatcherServlet - Initializing Servlet 'dispatcherServlet'
14:00:21.492 INFO  [http-nio-8080-exec-1]org.springframework.web.servlet.DispatcherServlet - Completed initialization in 2 ms
14:00:21.641 WARN  [http-nio-8080-exec-1]o.s.w.s.m.m.a.ExceptionHandlerExceptionResolver - Resolved [org.springframework.web.servlet.resource.NoResourceFoundException: No static resource shopping_lists/items/1.]
14:07:51.012 WARN  [http-nio-8080-exec-9]o.s.w.s.m.m.a.ExceptionHandlerExceptionResolver - Resolved [org.springframework.web.servlet.resource.NoResourceFoundException: No static resource shopping_lists/items/1.]
14:13:46.102 WARN  [http-nio-8080-exec-10]o.s.w.s.m.m.a.ExceptionHandlerExceptionResolver - Resolved [org.springframework.web.servlet.resource.NoResourceFoundException: No static resource shopping_lists/items/1.]
14:22:23.295 WARN  [http-nio-8080-exec-6]o.s.w.s.m.m.a.ExceptionHandlerExceptionResolver - Resolved [org.springframework.web.servlet.resource.NoResourceFoundException: No static resource shopping_lists/items/1.]
14:22:36.714 WARN  [http-nio-8080-exec-7]o.s.w.s.m.m.a.ExceptionHandlerExceptionResolver - Resolved [org.springframework.web.servlet.resource.NoResourceFoundException: No static resource shopping_lists/items/1.]
14:22:52.193 WARN  [http-nio-8080-exec-9]o.s.w.s.m.m.a.ExceptionHandlerExceptionResolver - Resolved [org.springframework.web.servlet.resource.NoResourceFoundException: No static resource shopping_lists/items/1.]
14:54:34.126 INFO  [File Watcher]o.s.b.d.a.LocalDevToolsAutoConfiguration$RestartingClassPathChangeChangedEventListener - Restarting due to 1 class path change (0 additions, 0 deletions, 1 modification)
14:54:34.152 INFO  [Thread-5]o.s.boot.web.embedded.tomcat.GracefulShutdown - Commencing graceful shutdown. Waiting for active requests to complete
14:54:34.158 INFO  [tomcat-shutdown]org.apache.coyote.http11.Http11NioProtocol - Pausing ProtocolHandler ["http-nio-8080"]
14:54:34.421 INFO  [tomcat-shutdown]o.s.boot.web.embedded.tomcat.GracefulShutdown - Graceful shutdown complete
14:54:34.422 INFO  [Thread-5]org.apache.coyote.http11.Http11NioProtocol - Stopping ProtocolHandler ["http-nio-8080"]
14:54:34.440 INFO  [Thread-5]o.s.orm.jpa.LocalContainerEntityManagerFactoryBean - Closing JPA EntityManagerFactory for persistence unit 'default'
14:54:34.454 INFO  [Thread-5]com.zaxxer.hikari.HikariDataSource - HikariPool-1 - Shutdown initiated...
14:54:34.463 INFO  [Thread-5]com.zaxxer.hikari.HikariDataSource - HikariPool-1 - Shutdown completed.
14:54:34.722 INFO  [restartedMain]c.e.F.FamilyLifeBackendApplication - Starting FamilyLifeBackendApplication using Java 17.0.18 with PID 15152 (C:\Users\ASUS\eclipse-workspace\java_project\Family_life_backend\bin\main started by ASUS in C:\Users\ASUS\eclipse-workspace\java_project\Family_life_backend)
14:54:34.723 INFO  [restartedMain]c.e.F.FamilyLifeBackendApplication - No active profile set, falling back to 1 default profile: "default"
14:54:35.208 INFO  [restartedMain]o.s.d.r.config.RepositoryConfigurationDelegate - Bootstrapping Spring Data JPA repositories in DEFAULT mode.
14:54:35.310 INFO  [restartedMain]o.s.d.r.config.RepositoryConfigurationDelegate - Finished Spring Data repository scanning in 100 ms. Found 13 JPA repository interfaces.
14:54:35.531 INFO  [restartedMain]o.s.boot.web.embedded.tomcat.TomcatWebServer - Tomcat initialized with port 8080 (http)
14:54:35.532 INFO  [restartedMain]org.apache.coyote.http11.Http11NioProtocol - Initializing ProtocolHandler ["http-nio-8080"]
14:54:35.533 INFO  [restartedMain]org.apache.catalina.core.StandardService - Starting service [Tomcat]
14:54:35.533 INFO  [restartedMain]org.apache.catalina.core.StandardEngine - Starting Servlet engine: [Apache Tomcat/10.1.54]
14:54:35.597 INFO  [restartedMain]o.a.c.core.ContainerBase.[Tomcat].[localhost].[/] - Initializing Spring embedded WebApplicationContext
14:54:35.597 INFO  [restartedMain]o.s.b.w.s.c.ServletWebServerApplicationContext - Root WebApplicationContext: initialization completed in 869 ms
14:54:35.664 INFO  [restartedMain]com.zaxxer.hikari.HikariDataSource - HikariPool-2 - Starting...
14:54:35.675 INFO  [restartedMain]com.zaxxer.hikari.pool.HikariPool - HikariPool-2 - Added connection com.mysql.cj.jdbc.ConnectionImpl@5e303df4
14:54:35.675 INFO  [restartedMain]com.zaxxer.hikari.HikariDataSource - HikariPool-2 - Start completed.
14:54:35.678 INFO  [restartedMain]org.hibernate.jpa.internal.util.LogHelper - HHH000204: Processing PersistenceUnitInfo [name: default]
14:54:35.684 INFO  [restartedMain]o.hibernate.cache.internal.RegionFactoryInitiator - HHH000026: Second-level cache disabled
14:54:35.713 INFO  [restartedMain]o.s.o.j.persistenceunit.SpringPersistenceUnitInfo - No LoadTimeWeaver setup: ignoring JPA class transformer
14:54:35.720 WARN  [restartedMain]org.hibernate.orm.deprecation - HHH90000025: MySQLDialect does not need to be specified explicitly using 'hibernate.dialect' (remove the property setting and it will be selected by default)
14:54:35.721 INFO  [restartedMain]org.hibernate.orm.connections.pooling - HHH10001005: Database info:
	Database JDBC URL [Connecting through datasource 'HikariDataSource (HikariPool-2)']
	Database driver: undefined/unknown
	Database version: 8.0.45
	Autocommit mode: undefined/unknown
	Isolation level: undefined/unknown
	Minimum pool size: undefined/unknown
	Maximum pool size: undefined/unknown
14:54:36.155 INFO  [restartedMain]o.h.e.t.jta.platform.internal.JtaPlatformInitiator - HHH000489: No JTA platform available (set 'hibernate.transaction.jta.platform' to enable JTA platform integration)
14:54:36.156 INFO  [restartedMain]o.s.orm.jpa.LocalContainerEntityManagerFactoryBean - Initialized JPA EntityManagerFactory for persistence unit 'default'
14:54:36.720 WARN  [restartedMain]o.s.b.a.o.j.JpaBaseConfiguration$JpaWebConfiguration - spring.jpa.open-in-view is enabled by default. Therefore, database queries may be performed during view rendering. Explicitly configure spring.jpa.open-in-view to disable this warning
14:54:36.869 INFO  [restartedMain]o.s.b.d.autoconfigure.OptionalLiveReloadServer - LiveReload server is running on port 35729
14:54:36.878 INFO  [restartedMain]org.apache.coyote.http11.Http11NioProtocol - Starting ProtocolHandler ["http-nio-8080"]
14:54:36.895 INFO  [restartedMain]o.s.boot.web.embedded.tomcat.TomcatWebServer - Tomcat started on port 8080 (http) with context path '/'
14:54:36.901 INFO  [restartedMain]c.e.F.FamilyLifeBackendApplication - Started FamilyLifeBackendApplication in 2.259 seconds (process running for 3405.823)
14:54:36.906 INFO  [restartedMain]o.s.b.d.a.ConditionEvaluationDeltaLoggingListener - Condition evaluation unchanged
14:55:05.092 INFO  [File Watcher]o.s.b.d.a.LocalDevToolsAutoConfiguration$RestartingClassPathChangeChangedEventListener - Restarting due to 1 class path change (0 additions, 0 deletions, 1 modification)
14:55:05.093 INFO  [Thread-7]o.s.boot.web.embedded.tomcat.GracefulShutdown - Commencing graceful shutdown. Waiting for active requests to complete
14:55:05.094 INFO  [tomcat-shutdown]org.apache.coyote.http11.Http11NioProtocol - Pausing ProtocolHandler ["http-nio-8080"]
14:55:05.186 INFO  [tomcat-shutdown]o.s.boot.web.embedded.tomcat.GracefulShutdown - Graceful shutdown complete
14:55:05.187 INFO  [Thread-7]org.apache.coyote.http11.Http11NioProtocol - Stopping ProtocolHandler ["http-nio-8080"]
14:55:05.188 INFO  [Thread-7]o.s.orm.jpa.LocalContainerEntityManagerFactoryBean - Closing JPA EntityManagerFactory for persistence unit 'default'
14:55:05.189 INFO  [Thread-7]com.zaxxer.hikari.HikariDataSource - HikariPool-2 - Shutdown initiated...
14:55:05.190 INFO  [Thread-7]com.zaxxer.hikari.HikariDataSource - HikariPool-2 - Shutdown completed.
14:55:05.252 INFO  [restartedMain]c.e.F.FamilyLifeBackendApplication - Starting FamilyLifeBackendApplication using Java 17.0.18 with PID 15152 (C:\Users\ASUS\eclipse-workspace\java_project\Family_life_backend\bin\main started by ASUS in C:\Users\ASUS\eclipse-workspace\java_project\Family_life_backend)
14:55:05.253 INFO  [restartedMain]c.e.F.FamilyLifeBackendApplication - No active profile set, falling back to 1 default profile: "default"
14:55:05.385 INFO  [restartedMain]o.s.d.r.config.RepositoryConfigurationDelegate - Bootstrapping Spring Data JPA repositories in DEFAULT mode.
14:55:05.424 INFO  [restartedMain]o.s.d.r.config.RepositoryConfigurationDelegate - Finished Spring Data repository scanning in 38 ms. Found 13 JPA repository interfaces.
14:55:05.476 INFO  [restartedMain]o.s.boot.web.embedded.tomcat.TomcatWebServer - Tomcat initialized with port 8080 (http)
14:55:05.477 INFO  [restartedMain]org.apache.coyote.http11.Http11NioProtocol - Initializing ProtocolHandler ["http-nio-8080"]
14:55:05.477 INFO  [restartedMain]org.apache.catalina.core.StandardService - Starting service [Tomcat]
14:55:05.477 INFO  [restartedMain]org.apache.catalina.core.StandardEngine - Starting Servlet engine: [Apache Tomcat/10.1.54]
14:55:05.489 INFO  [restartedMain]o.a.c.core.ContainerBase.[Tomcat].[localhost].[/] - Initializing Spring embedded WebApplicationContext
14:55:05.489 INFO  [restartedMain]o.s.b.w.s.c.ServletWebServerApplicationContext - Root WebApplicationContext: initialization completed in 235 ms
14:55:05.511 INFO  [restartedMain]com.zaxxer.hikari.HikariDataSource - HikariPool-3 - Starting...
14:55:05.515 INFO  [restartedMain]com.zaxxer.hikari.pool.HikariPool - HikariPool-3 - Added connection com.mysql.cj.jdbc.ConnectionImpl@57ed10d3
14:55:05.517 INFO  [restartedMain]com.zaxxer.hikari.HikariDataSource - HikariPool-3 - Start completed.
14:55:05.517 INFO  [restartedMain]org.hibernate.jpa.internal.util.LogHelper - HHH000204: Processing PersistenceUnitInfo [name: default]
14:55:05.518 INFO  [restartedMain]o.hibernate.cache.internal.RegionFactoryInitiator - HHH000026: Second-level cache disabled
14:55:05.523 INFO  [restartedMain]o.s.o.j.persistenceunit.SpringPersistenceUnitInfo - No LoadTimeWeaver setup: ignoring JPA class transformer
14:55:05.526 WARN  [restartedMain]org.hibernate.orm.deprecation - HHH90000025: MySQLDialect does not need to be specified explicitly using 'hibernate.dialect' (remove the property setting and it will be selected by default)
14:55:05.526 INFO  [restartedMain]org.hibernate.orm.connections.pooling - HHH10001005: Database info:
	Database JDBC URL [Connecting through datasource 'HikariDataSource (HikariPool-3)']
	Database driver: undefined/unknown
	Database version: 8.0.45
	Autocommit mode: undefined/unknown
	Isolation level: undefined/unknown
	Minimum pool size: undefined/unknown
	Maximum pool size: undefined/unknown
14:55:05.617 INFO  [restartedMain]o.h.e.t.jta.platform.internal.JtaPlatformInitiator - HHH000489: No JTA platform available (set 'hibernate.transaction.jta.platform' to enable JTA platform integration)
14:55:05.617 INFO  [restartedMain]o.s.orm.jpa.LocalContainerEntityManagerFactoryBean - Initialized JPA EntityManagerFactory for persistence unit 'default'
14:55:05.754 WARN  [restartedMain]o.s.b.a.o.j.JpaBaseConfiguration$JpaWebConfiguration - spring.jpa.open-in-view is enabled by default. Therefore, database queries may be performed during view rendering. Explicitly configure spring.jpa.open-in-view to disable this warning
14:55:05.802 INFO  [restartedMain]o.s.b.d.autoconfigure.OptionalLiveReloadServer - LiveReload server is running on port 35729
14:55:05.805 INFO  [restartedMain]org.apache.coyote.http11.Http11NioProtocol - Starting ProtocolHandler ["http-nio-8080"]
14:55:05.818 INFO  [restartedMain]o.s.boot.web.embedded.tomcat.TomcatWebServer - Tomcat started on port 8080 (http) with context path '/'
14:55:05.820 INFO  [restartedMain]c.e.F.FamilyLifeBackendApplication - Started FamilyLifeBackendApplication in 0.589 seconds (process running for 3434.742)
14:55:05.821 INFO  [restartedMain]o.s.b.d.a.ConditionEvaluationDeltaLoggingListener - Condition evaluation unchanged
14:56:54.576 INFO  [File Watcher]o.s.b.d.a.LocalDevToolsAutoConfiguration$RestartingClassPathChangeChangedEventListener - Restarting due to 2 class path changes (0 additions, 0 deletions, 2 modifications)
14:56:54.579 INFO  [Thread-11]o.s.boot.web.embedded.tomcat.GracefulShutdown - Commencing graceful shutdown. Waiting for active requests to complete
14:56:54.580 INFO  [tomcat-shutdown]org.apache.coyote.http11.Http11NioProtocol - Pausing ProtocolHandler ["http-nio-8080"]
14:56:54.672 INFO  [tomcat-shutdown]o.s.boot.web.embedded.tomcat.GracefulShutdown - Graceful shutdown complete
14:56:54.673 INFO  [Thread-11]org.apache.coyote.http11.Http11NioProtocol - Stopping ProtocolHandler ["http-nio-8080"]
14:56:54.674 INFO  [Thread-11]o.s.orm.jpa.LocalContainerEntityManagerFactoryBean - Closing JPA EntityManagerFactory for persistence unit 'default'
14:56:54.674 INFO  [Thread-11]com.zaxxer.hikari.HikariDataSource - HikariPool-3 - Shutdown initiated...
14:56:54.675 INFO  [Thread-11]com.zaxxer.hikari.HikariDataSource - HikariPool-3 - Shutdown completed.
14:56:54.730 INFO  [restartedMain]c.e.F.FamilyLifeBackendApplication - Starting FamilyLifeBackendApplication using Java 17.0.18 with PID 15152 (C:\Users\ASUS\eclipse-workspace\java_project\Family_life_backend\bin\main started by ASUS in C:\Users\ASUS\eclipse-workspace\java_project\Family_life_backend)
14:56:54.732 INFO  [restartedMain]c.e.F.FamilyLifeBackendApplication - No active profile set, falling back to 1 default profile: "default"
14:56:54.860 INFO  [restartedMain]o.s.d.r.config.RepositoryConfigurationDelegate - Bootstrapping Spring Data JPA repositories in DEFAULT mode.
14:56:54.904 INFO  [restartedMain]o.s.d.r.config.RepositoryConfigurationDelegate - Finished Spring Data repository scanning in 43 ms. Found 13 JPA repository interfaces.
14:56:54.958 INFO  [restartedMain]o.s.boot.web.embedded.tomcat.TomcatWebServer - Tomcat initialized with port 8080 (http)
14:56:54.959 INFO  [restartedMain]org.apache.coyote.http11.Http11NioProtocol - Initializing ProtocolHandler ["http-nio-8080"]
14:56:54.959 INFO  [restartedMain]org.apache.catalina.core.StandardService - Starting service [Tomcat]
14:56:54.959 INFO  [restartedMain]org.apache.catalina.core.StandardEngine - Starting Servlet engine: [Apache Tomcat/10.1.54]
14:56:54.969 INFO  [restartedMain]o.a.c.core.ContainerBase.[Tomcat].[localhost].[/] - Initializing Spring embedded WebApplicationContext
14:56:54.969 INFO  [restartedMain]o.s.b.w.s.c.ServletWebServerApplicationContext - Root WebApplicationContext: initialization completed in 236 ms
14:56:54.993 INFO  [restartedMain]com.zaxxer.hikari.HikariDataSource - HikariPool-4 - Starting...
14:56:55.000 INFO  [restartedMain]com.zaxxer.hikari.pool.HikariPool - HikariPool-4 - Added connection com.mysql.cj.jdbc.ConnectionImpl@31629ed9
14:56:55.000 INFO  [restartedMain]com.zaxxer.hikari.HikariDataSource - HikariPool-4 - Start completed.
14:56:55.001 INFO  [restartedMain]org.hibernate.jpa.internal.util.LogHelper - HHH000204: Processing PersistenceUnitInfo [name: default]
14:56:55.002 INFO  [restartedMain]o.hibernate.cache.internal.RegionFactoryInitiator - HHH000026: Second-level cache disabled
14:56:55.007 INFO  [restartedMain]o.s.o.j.persistenceunit.SpringPersistenceUnitInfo - No LoadTimeWeaver setup: ignoring JPA class transformer
14:56:55.010 WARN  [restartedMain]org.hibernate.orm.deprecation - HHH90000025: MySQLDialect does not need to be specified explicitly using 'hibernate.dialect' (remove the property setting and it will be selected by default)
14:56:55.010 INFO  [restartedMain]org.hibernate.orm.connections.pooling - HHH10001005: Database info:
	Database JDBC URL [Connecting through datasource 'HikariDataSource (HikariPool-4)']
	Database driver: undefined/unknown
	Database version: 8.0.45
	Autocommit mode: undefined/unknown
	Isolation level: undefined/unknown
	Minimum pool size: undefined/unknown
	Maximum pool size: undefined/unknown
14:56:55.094 INFO  [restartedMain]o.h.e.t.jta.platform.internal.JtaPlatformInitiator - HHH000489: No JTA platform available (set 'hibernate.transaction.jta.platform' to enable JTA platform integration)
14:56:55.095 INFO  [restartedMain]o.s.orm.jpa.LocalContainerEntityManagerFactoryBean - Initialized JPA EntityManagerFactory for persistence unit 'default'
14:56:55.260 WARN  [restartedMain]o.s.b.a.o.j.JpaBaseConfiguration$JpaWebConfiguration - spring.jpa.open-in-view is enabled by default. Therefore, database queries may be performed during view rendering. Explicitly configure spring.jpa.open-in-view to disable this warning
14:56:55.308 INFO  [restartedMain]o.s.b.d.autoconfigure.OptionalLiveReloadServer - LiveReload server is running on port 35729
14:56:55.311 INFO  [restartedMain]org.apache.coyote.http11.Http11NioProtocol - Starting ProtocolHandler ["http-nio-8080"]
14:56:55.322 INFO  [restartedMain]o.s.boot.web.embedded.tomcat.TomcatWebServer - Tomcat started on port 8080 (http) with context path '/'
14:56:55.324 INFO  [restartedMain]c.e.F.FamilyLifeBackendApplication - Started FamilyLifeBackendApplication in 0.612 seconds (process running for 3544.245)
14:56:55.324 INFO  [restartedMain]o.s.b.d.a.ConditionEvaluationDeltaLoggingListener - Condition evaluation unchanged
14:57:38.167 INFO  [File Watcher]o.s.b.d.a.LocalDevToolsAutoConfiguration$RestartingClassPathChangeChangedEventListener - Restarting due to 2 class path changes (0 additions, 0 deletions, 2 modifications)
14:57:38.171 INFO  [Thread-15]o.s.boot.web.embedded.tomcat.GracefulShutdown - Commencing graceful shutdown. Waiting for active requests to complete
14:57:38.172 INFO  [tomcat-shutdown]org.apache.coyote.http11.Http11NioProtocol - Pausing ProtocolHandler ["http-nio-8080"]
14:57:38.271 INFO  [tomcat-shutdown]o.s.boot.web.embedded.tomcat.GracefulShutdown - Graceful shutdown complete
14:57:38.271 INFO  [Thread-15]org.apache.coyote.http11.Http11NioProtocol - Stopping ProtocolHandler ["http-nio-8080"]
14:57:38.272 INFO  [Thread-15]o.s.orm.jpa.LocalContainerEntityManagerFactoryBean - Closing JPA EntityManagerFactory for persistence unit 'default'
14:57:38.272 INFO  [Thread-15]com.zaxxer.hikari.HikariDataSource - HikariPool-4 - Shutdown initiated...
14:57:38.275 INFO  [Thread-15]com.zaxxer.hikari.HikariDataSource - HikariPool-4 - Shutdown completed.
14:57:38.336 INFO  [restartedMain]c.e.F.FamilyLifeBackendApplication - Starting FamilyLifeBackendApplication using Java 17.0.18 with PID 15152 (C:\Users\ASUS\eclipse-workspace\java_project\Family_life_backend\bin\main started by ASUS in C:\Users\ASUS\eclipse-workspace\java_project\Family_life_backend)
14:57:38.337 INFO  [restartedMain]c.e.F.FamilyLifeBackendApplication - No active profile set, falling back to 1 default profile: "default"
14:57:38.467 INFO  [restartedMain]o.s.d.r.config.RepositoryConfigurationDelegate - Bootstrapping Spring Data JPA repositories in DEFAULT mode.
14:57:38.508 INFO  [restartedMain]o.s.d.r.config.RepositoryConfigurationDelegate - Finished Spring Data repository scanning in 41 ms. Found 13 JPA repository interfaces.
14:57:38.560 INFO  [restartedMain]o.s.boot.web.embedded.tomcat.TomcatWebServer - Tomcat initialized with port 8080 (http)
14:57:38.560 INFO  [restartedMain]org.apache.coyote.http11.Http11NioProtocol - Initializing ProtocolHandler ["http-nio-8080"]
14:57:38.560 INFO  [restartedMain]org.apache.catalina.core.StandardService - Starting service [Tomcat]
14:57:38.560 INFO  [restartedMain]org.apache.catalina.core.StandardEngine - Starting Servlet engine: [Apache Tomcat/10.1.54]
14:57:38.573 INFO  [restartedMain]o.a.c.core.ContainerBase.[Tomcat].[localhost].[/] - Initializing Spring embedded WebApplicationContext
14:57:38.573 INFO  [restartedMain]o.s.b.w.s.c.ServletWebServerApplicationContext - Root WebApplicationContext: initialization completed in 235 ms
14:57:38.596 INFO  [restartedMain]com.zaxxer.hikari.HikariDataSource - HikariPool-5 - Starting...
14:57:38.601 INFO  [restartedMain]com.zaxxer.hikari.pool.HikariPool - HikariPool-5 - Added connection com.mysql.cj.jdbc.ConnectionImpl@13903df8
14:57:38.601 INFO  [restartedMain]com.zaxxer.hikari.HikariDataSource - HikariPool-5 - Start completed.
14:57:38.601 INFO  [restartedMain]org.hibernate.jpa.internal.util.LogHelper - HHH000204: Processing PersistenceUnitInfo [name: default]
14:57:38.603 INFO  [restartedMain]o.hibernate.cache.internal.RegionFactoryInitiator - HHH000026: Second-level cache disabled
14:57:38.608 INFO  [restartedMain]o.s.o.j.persistenceunit.SpringPersistenceUnitInfo - No LoadTimeWeaver setup: ignoring JPA class transformer
14:57:38.610 WARN  [restartedMain]org.hibernate.orm.deprecation - HHH90000025: MySQLDialect does not need to be specified explicitly using 'hibernate.dialect' (remove the property setting and it will be selected by default)
14:57:38.610 INFO  [restartedMain]org.hibernate.orm.connections.pooling - HHH10001005: Database info:
	Database JDBC URL [Connecting through datasource 'HikariDataSource (HikariPool-5)']
	Database driver: undefined/unknown
	Database version: 8.0.45
	Autocommit mode: undefined/unknown
	Isolation level: undefined/unknown
	Minimum pool size: undefined/unknown
	Maximum pool size: undefined/unknown
14:57:38.716 INFO  [restartedMain]o.h.e.t.jta.platform.internal.JtaPlatformInitiator - HHH000489: No JTA platform available (set 'hibernate.transaction.jta.platform' to enable JTA platform integration)
14:57:38.717 INFO  [restartedMain]o.s.orm.jpa.LocalContainerEntityManagerFactoryBean - Initialized JPA EntityManagerFactory for persistence unit 'default'
14:57:38.862 WARN  [restartedMain]o.s.b.a.o.j.JpaBaseConfiguration$JpaWebConfiguration - spring.jpa.open-in-view is enabled by default. Therefore, database queries may be performed during view rendering. Explicitly configure spring.jpa.open-in-view to disable this warning
14:57:38.907 INFO  [restartedMain]o.s.b.d.autoconfigure.OptionalLiveReloadServer - LiveReload server is running on port 35729
14:57:38.909 INFO  [restartedMain]org.apache.coyote.http11.Http11NioProtocol - Starting ProtocolHandler ["http-nio-8080"]
14:57:38.918 INFO  [restartedMain]o.s.boot.web.embedded.tomcat.TomcatWebServer - Tomcat started on port 8080 (http) with context path '/'
14:57:38.920 INFO  [restartedMain]c.e.F.FamilyLifeBackendApplication - Started FamilyLifeBackendApplication in 0.606 seconds (process running for 3587.842)
14:57:38.922 INFO  [restartedMain]o.s.b.d.a.ConditionEvaluationDeltaLoggingListener - Condition evaluation unchanged
14:58:13.827 INFO  [http-nio-8080-exec-1]o.a.c.core.ContainerBase.[Tomcat].[localhost].[/] - Initializing Spring DispatcherServlet 'dispatcherServlet'
14:58:13.827 INFO  [http-nio-8080-exec-1]org.springframework.web.servlet.DispatcherServlet - Initializing Servlet 'dispatcherServlet'
14:58:13.828 INFO  [http-nio-8080-exec-1]org.springframework.web.servlet.DispatcherServlet - Completed initialization in 1 ms
15:11:12.200 INFO  [File Watcher]o.s.b.d.a.LocalDevToolsAutoConfiguration$RestartingClassPathChangeChangedEventListener - Restarting due to 1 class path change (0 additions, 0 deletions, 1 modification)
15:11:12.202 INFO  [Thread-19]o.s.boot.web.embedded.tomcat.GracefulShutdown - Commencing graceful shutdown. Waiting for active requests to complete
15:11:12.204 INFO  [tomcat-shutdown]org.apache.coyote.http11.Http11NioProtocol - Pausing ProtocolHandler ["http-nio-8080"]
15:11:12.290 INFO  [tomcat-shutdown]o.s.boot.web.embedded.tomcat.GracefulShutdown - Graceful shutdown complete
15:11:12.290 INFO  [Thread-19]org.apache.coyote.http11.Http11NioProtocol - Stopping ProtocolHandler ["http-nio-8080"]
15:11:12.292 INFO  [Thread-19]o.s.orm.jpa.LocalContainerEntityManagerFactoryBean - Closing JPA EntityManagerFactory for persistence unit 'default'
15:11:12.293 INFO  [Thread-19]com.zaxxer.hikari.HikariDataSource - HikariPool-5 - Shutdown initiated...
15:11:12.295 INFO  [Thread-19]com.zaxxer.hikari.HikariDataSource - HikariPool-5 - Shutdown completed.
15:11:12.375 INFO  [restartedMain]c.e.F.FamilyLifeBackendApplication - Starting FamilyLifeBackendApplication using Java 17.0.18 with PID 15152 (C:\Users\ASUS\eclipse-workspace\java_project\Family_life_backend\bin\main started by ASUS in C:\Users\ASUS\eclipse-workspace\java_project\Family_life_backend)
15:11:12.375 INFO  [restartedMain]c.e.F.FamilyLifeBackendApplication - No active profile set, falling back to 1 default profile: "default"
15:11:12.508 INFO  [restartedMain]o.s.d.r.config.RepositoryConfigurationDelegate - Bootstrapping Spring Data JPA repositories in DEFAULT mode.
15:11:12.542 INFO  [restartedMain]o.s.d.r.config.RepositoryConfigurationDelegate - Finished Spring Data repository scanning in 33 ms. Found 13 JPA repository interfaces.
15:11:12.593 INFO  [restartedMain]o.s.boot.web.embedded.tomcat.TomcatWebServer - Tomcat initialized with port 8080 (http)
15:11:12.593 INFO  [restartedMain]org.apache.coyote.http11.Http11NioProtocol - Initializing ProtocolHandler ["http-nio-8080"]
15:11:12.594 INFO  [restartedMain]org.apache.catalina.core.StandardService - Starting service [Tomcat]
15:11:12.594 INFO  [restartedMain]org.apache.catalina.core.StandardEngine - Starting Servlet engine: [Apache Tomcat/10.1.54]
15:11:12.606 INFO  [restartedMain]o.a.c.core.ContainerBase.[Tomcat].[localhost].[/] - Initializing Spring embedded WebApplicationContext
15:11:12.606 INFO  [restartedMain]o.s.b.w.s.c.ServletWebServerApplicationContext - Root WebApplicationContext: initialization completed in 229 ms
15:11:12.626 INFO  [restartedMain]com.zaxxer.hikari.HikariDataSource - HikariPool-6 - Starting...
15:11:12.634 INFO  [restartedMain]com.zaxxer.hikari.pool.HikariPool - HikariPool-6 - Added connection com.mysql.cj.jdbc.ConnectionImpl@2009a364
15:11:12.634 INFO  [restartedMain]com.zaxxer.hikari.HikariDataSource - HikariPool-6 - Start completed.
15:11:12.636 INFO  [restartedMain]org.hibernate.jpa.internal.util.LogHelper - HHH000204: Processing PersistenceUnitInfo [name: default]
15:11:12.637 INFO  [restartedMain]o.hibernate.cache.internal.RegionFactoryInitiator - HHH000026: Second-level cache disabled
15:11:12.643 INFO  [restartedMain]o.s.o.j.persistenceunit.SpringPersistenceUnitInfo - No LoadTimeWeaver setup: ignoring JPA class transformer
15:11:12.646 WARN  [restartedMain]org.hibernate.orm.deprecation - HHH90000025: MySQLDialect does not need to be specified explicitly using 'hibernate.dialect' (remove the property setting and it will be selected by default)
15:11:12.646 INFO  [restartedMain]org.hibernate.orm.connections.pooling - HHH10001005: Database info:
	Database JDBC URL [Connecting through datasource 'HikariDataSource (HikariPool-6)']
	Database driver: undefined/unknown
	Database version: 8.0.45
	Autocommit mode: undefined/unknown
	Isolation level: undefined/unknown
	Minimum pool size: undefined/unknown
	Maximum pool size: undefined/unknown
15:11:12.731 INFO  [restartedMain]o.h.e.t.jta.platform.internal.JtaPlatformInitiator - HHH000489: No JTA platform available (set 'hibernate.transaction.jta.platform' to enable JTA platform integration)
15:11:12.731 INFO  [restartedMain]o.s.orm.jpa.LocalContainerEntityManagerFactoryBean - Initialized JPA EntityManagerFactory for persistence unit 'default'
15:11:12.862 WARN  [restartedMain]o.s.b.a.o.j.JpaBaseConfiguration$JpaWebConfiguration - spring.jpa.open-in-view is enabled by default. Therefore, database queries may be performed during view rendering. Explicitly configure spring.jpa.open-in-view to disable this warning
15:11:12.898 INFO  [restartedMain]o.s.b.d.autoconfigure.OptionalLiveReloadServer - LiveReload server is running on port 35729
15:11:12.903 INFO  [restartedMain]org.apache.coyote.http11.Http11NioProtocol - Starting ProtocolHandler ["http-nio-8080"]
15:11:12.913 INFO  [restartedMain]o.s.boot.web.embedded.tomcat.TomcatWebServer - Tomcat started on port 8080 (http) with context path '/'
15:11:12.914 INFO  [restartedMain]c.e.F.FamilyLifeBackendApplication - Started FamilyLifeBackendApplication in 0.563 seconds (process running for 4401.836)
15:11:12.917 INFO  [restartedMain]o.s.b.d.a.ConditionEvaluationDeltaLoggingListener - Condition evaluation unchanged
15:13:02.264 INFO  [File Watcher]o.s.b.d.a.LocalDevToolsAutoConfiguration$RestartingClassPathChangeChangedEventListener - Restarting due to 1 class path change (0 additions, 0 deletions, 1 modification)
15:13:02.266 INFO  [Thread-23]o.s.boot.web.embedded.tomcat.GracefulShutdown - Commencing graceful shutdown. Waiting for active requests to complete
15:13:02.267 INFO  [tomcat-shutdown]org.apache.coyote.http11.Http11NioProtocol - Pausing ProtocolHandler ["http-nio-8080"]
15:13:02.356 INFO  [tomcat-shutdown]o.s.boot.web.embedded.tomcat.GracefulShutdown - Graceful shutdown complete
15:13:02.356 INFO  [Thread-23]org.apache.coyote.http11.Http11NioProtocol - Stopping ProtocolHandler ["http-nio-8080"]
15:13:02.357 INFO  [Thread-23]o.s.orm.jpa.LocalContainerEntityManagerFactoryBean - Closing JPA EntityManagerFactory for persistence unit 'default'
15:13:02.357 INFO  [Thread-23]com.zaxxer.hikari.HikariDataSource - HikariPool-6 - Shutdown initiated...
15:13:02.360 INFO  [Thread-23]com.zaxxer.hikari.HikariDataSource - HikariPool-6 - Shutdown completed.
15:13:02.421 INFO  [restartedMain]c.e.F.FamilyLifeBackendApplication - Starting FamilyLifeBackendApplication using Java 17.0.18 with PID 15152 (C:\Users\ASUS\eclipse-workspace\java_project\Family_life_backend\bin\main started by ASUS in C:\Users\ASUS\eclipse-workspace\java_project\Family_life_backend)
15:13:02.422 INFO  [restartedMain]c.e.F.FamilyLifeBackendApplication - No active profile set, falling back to 1 default profile: "default"
15:13:02.533 INFO  [restartedMain]o.s.d.r.config.RepositoryConfigurationDelegate - Bootstrapping Spring Data JPA repositories in DEFAULT mode.
15:13:02.566 INFO  [restartedMain]o.s.d.r.config.RepositoryConfigurationDelegate - Finished Spring Data repository scanning in 32 ms. Found 13 JPA repository interfaces.
15:13:02.611 INFO  [restartedMain]o.s.boot.web.embedded.tomcat.TomcatWebServer - Tomcat initialized with port 8080 (http)
15:13:02.611 INFO  [restartedMain]org.apache.coyote.http11.Http11NioProtocol - Initializing ProtocolHandler ["http-nio-8080"]
15:13:02.612 INFO  [restartedMain]org.apache.catalina.core.StandardService - Starting service [Tomcat]
15:13:02.612 INFO  [restartedMain]org.apache.catalina.core.StandardEngine - Starting Servlet engine: [Apache Tomcat/10.1.54]
15:13:02.625 INFO  [restartedMain]o.a.c.core.ContainerBase.[Tomcat].[localhost].[/] - Initializing Spring embedded WebApplicationContext
15:13:02.625 INFO  [restartedMain]o.s.b.w.s.c.ServletWebServerApplicationContext - Root WebApplicationContext: initialization completed in 202 ms
15:13:02.643 INFO  [restartedMain]com.zaxxer.hikari.HikariDataSource - HikariPool-7 - Starting...
15:13:02.648 INFO  [restartedMain]com.zaxxer.hikari.pool.HikariPool - HikariPool-7 - Added connection com.mysql.cj.jdbc.ConnectionImpl@56202968
15:13:02.649 INFO  [restartedMain]com.zaxxer.hikari.HikariDataSource - HikariPool-7 - Start completed.
15:13:02.649 INFO  [restartedMain]org.hibernate.jpa.internal.util.LogHelper - HHH000204: Processing PersistenceUnitInfo [name: default]
15:13:02.650 INFO  [restartedMain]o.hibernate.cache.internal.RegionFactoryInitiator - HHH000026: Second-level cache disabled
15:13:02.655 INFO  [restartedMain]o.s.o.j.persistenceunit.SpringPersistenceUnitInfo - No LoadTimeWeaver setup: ignoring JPA class transformer
15:13:02.657 WARN  [restartedMain]org.hibernate.orm.deprecation - HHH90000025: MySQLDialect does not need to be specified explicitly using 'hibernate.dialect' (remove the property setting and it will be selected by default)
15:13:02.657 INFO  [restartedMain]org.hibernate.orm.connections.pooling - HHH10001005: Database info:
	Database JDBC URL [Connecting through datasource 'HikariDataSource (HikariPool-7)']
	Database driver: undefined/unknown
	Database version: 8.0.45
	Autocommit mode: undefined/unknown
	Isolation level: undefined/unknown
	Minimum pool size: undefined/unknown
	Maximum pool size: undefined/unknown
15:13:02.736 INFO  [restartedMain]o.h.e.t.jta.platform.internal.JtaPlatformInitiator - HHH000489: No JTA platform available (set 'hibernate.transaction.jta.platform' to enable JTA platform integration)
15:13:02.736 INFO  [restartedMain]o.s.orm.jpa.LocalContainerEntityManagerFactoryBean - Initialized JPA EntityManagerFactory for persistence unit 'default'
15:13:02.854 WARN  [restartedMain]o.s.b.a.o.j.JpaBaseConfiguration$JpaWebConfiguration - spring.jpa.open-in-view is enabled by default. Therefore, database queries may be performed during view rendering. Explicitly configure spring.jpa.open-in-view to disable this warning
15:13:02.888 INFO  [restartedMain]o.s.b.d.autoconfigure.OptionalLiveReloadServer - LiveReload server is running on port 35729
15:13:02.891 INFO  [restartedMain]org.apache.coyote.http11.Http11NioProtocol - Starting ProtocolHandler ["http-nio-8080"]
15:13:02.901 INFO  [restartedMain]o.s.boot.web.embedded.tomcat.TomcatWebServer - Tomcat started on port 8080 (http) with context path '/'
15:13:02.902 INFO  [restartedMain]c.e.F.FamilyLifeBackendApplication - Started FamilyLifeBackendApplication in 0.499 seconds (process running for 4511.824)
15:13:02.903 INFO  [restartedMain]o.s.b.d.a.ConditionEvaluationDeltaLoggingListener - Condition evaluation unchanged
